Tentativa de login: Email: w, Senha: w
Tentativa de login: Email: a, Senha: a
Tentativa de login: Email: a@a, Senha: 12
Tentativa de login: Email: e, Senha: e
Tentativa de login: Email: morozini@gmail, Senha: 123
Tentativa de login: Email: a@a, Senha: 12
Tentativa de login: Email: a@a, Senha: 12
Tentativa de login: Email: a@a, Senha: 12
Tentativa de login: Email: a@a, Senha: 12
Tentativa de login: Email: morozini@gmail, Senha: 123
Tentativa de login: Email: a@a, Senha: 12
Tentativa de login: Email: morozini@gmail, Senha: 123
Tentativa de login: Email: morozini@gmail, Senha: 123
Tentativa de login: Email: cara@gmail, Senha: 12
Tentativa de login: Email: cara@gmail, Senha: 12
Tentativa de login: Email: morozini@gmail, Senha: 123
Tentativa de login: Email: morozini@gmail, Senha: 123
Tentativa de login: Email: cara@gmail, Senha: 12
Tentativa de login: Email: a@a, Senha: 1
Tentativa de login: Email: a@a, Senha: 12
Tentativa de login: Email: leandro2@leandro2, Senha: 123
